********************************************************************************
DUPLICATOR-LITE PACKAGE-LOG: January 16, 2022 4:58 pm
NOTICE: Do NOT post to public sites or forums 
********************************************************************************
VERSION:	1.4.3
WORDPRESS:	5.8.3
PHP INFO:	8.0.12 | SAPI: apache2handler
SERVER:		Apache/2.4.51 (Win64) OpenSSL/1.1.1l PHP/8.0.12 
PHP TIME LIMIT: (0) no time limit imposed 
PHP MAX MEMORY: 4294967296 (30240M default) 
MEMORY STACK: 6MB

********************************************************************************
DATABASE:
********************************************************************************
BUILD MODE:   MYSQLDUMP
MYSQLTIMEOUT: 5000
MYSQLDUMP:    Is Supported
SQL CREATED: 20220116_cakeshop_3132af09785f72af9409_20220116165835_database.sql
SQL FILE SIZE: 8.38MB (8791747)
SQL FILE TIME: 2022-01-16 16:58:50
SQL RUNTIME: 2.07 sec.

********************************************************************************
ARCHIVE (ZIP):
********************************************************************************
ARCHIVE DIR:  C:/xampp/htdocs/A2
ARCHIVE FILE: 20220116_cakeshop_3132af09785f72af9409_20220116165835_archive.zip
FILTERS: *OFF*
DIRS:
	not set
FILES:
	not set
EXTS:  not set
----------------------------------------
COMPRESSING
SIZE:	120.76MB
STATS:	Dirs 1,106 | Files 5,429
SQL ADDED: 20220116_cakeshop_3132af09785f72af9409_20220116165835_database.sql
ZipArchive Object
(
    [lastId] => 6534
    [status] => 0
    [statusSys] => 0
    [numFiles] => 6535
    [filename] => C:\xampp\htdocs\A2\wp-content\backups-dup-lite\tmp\20220116_cakeshop_3132af09785f72af9409_20220116165835_archive.zip
    [comment] => 
)

FILE ADDED TO ZIP: 6534
COMPRESSION RESULT: '1'
COMPRESSED SIZE: 40.41MB
ARCHIVE RUNTIME: 24.39 sec.
MEMORY STACK: 8MB
building installer
add_extra_files1
add_extra_files2
add_extra_files3
add_extra_files4
Doing archive file check
add_extra_files5
add_extra_files6
add_extra_files8
Successfully opened zip C:/xampp/htdocs/A2/wp-content/backups-dup-lite/tmp/20220116_cakeshop_3132af09785f72af9409_20220116165835_archive.zip
Adding enhanced installer files to archive using ZipArchive
Installer files added to archive
Added to archive
After ziparchive close when adding installer

********************************************************************************
INTEGRITY CHECKS:
********************************************************************************
SQL FILE: 8.38MB
INSTALLER FILE: 64.26KB
ARCHIVE FILE: 41.42MB 
EXPECTED FILE/DIRECTORY COUNT: 6,535
ACTUAL FILE/DIRECTORY COUNT: 6,534
ARCHIVE CONSISTENCY TEST: Pass

********************************************************************************
RECORD ID:[1]
TOTAL PROCESS RUNTIME: 27.51 sec.
PEAK PHP MEMORY USED: 10MB
DONE PROCESSING => 20220116_cakeshop January 16, 2022 4:59 pm

